✓ Initialized. View run at 
https://modal.com/apps/zhouyonghao90/main/ap-lR7RDRoAv30RPSp2DMmgRZ
✓ Created objects.
├── 🔨 Created mount D:\1研\毕业论文\SAFB\modal_train.py
├── 🔨 Created mount D:\1研\毕业论文\SAFB
├── 🔨 Created function train_condition.
├── 🔨 Created function run_sensitivity_sweep.
├── 🔨 Created function run_cifar100.
└── 🔨 Created function generate_summary_table.

[Modal] Smoke test: anb_freqfed, 10 rounds
[Modal] Params: poison_rate=0.5, scaling_factor=2.5, local_epochs=3, lr=0.005

=================================================================
[Modal] Condition : ANB + FreqFed
[Modal] GPU       : Tesla T4
=================================================================


======================================================================
EXPERIMENT CONFIGURATION
======================================================================
Attack Mode: OURS
Frequency Strategy: ANB (Check: ANB enables Spatial Tint)
Defense Enabled: True (hdbscan)
Dataset: CIFAR10, Clients: 10, Poison Ratio: 20%
Target Label: 0, Epsilon: 0.1, Poison Rate: 0.50
Training: 10 Rounds, Local Epochs: 3, LR: 0.005
Attack Scaling Factor: 2.50
======================================================================

Files already downloaded and verified
Files already downloaded and verified
Created 10 clients:
  - Malicious clients: [0, 1]
  - Benign clients: [2, 3, 4, 5, 6, 7, 8, 9]
  - Malicious poison rate: 0.50
  - Malicious scaling factor: 2.50

Starting Federated Learning
  Total clients: 10
  Clients per round: 10
  Total rounds: 10
  Defense enabled: True
  Defense method: hdbscan
  Save weights at rounds: [5, 10]


============================================================
Round 1/10
============================================================
Selected clients: [0, 1, 2, 3, 4, 5, 6, 7, 8, 9]

Training client 0 (MALICIOUS)...
  [Malicious Client 0] Epoch 3/3, Loss: 1.3219
  [Malicious Client 0] Applied scaling factor: 2.5

Training client 1 (MALICIOUS)...
  [Malicious Client 1] Epoch 3/3, Loss: 1.2035
  [Malicious Client 1] Applied scaling factor: 2.5

Training client 2 (benign)...

Training client 3 (benign)...

Training client 4 (benign)...

Training client 5 (benign)...

Training client 6 (benign)...

Training client 7 (benign)...

Training client 8 (benign)...

Training client 9 (benign)...

[Server] Aggregating client models...

[Defense] Running 'hdbscan' defense...
[Defense] Recall=100.00%  Precision=20.00%  F1=33.33%  Bypass=100.00%
[Defense] Accepting updates from 10/10 clients

[Server] Evaluating global model...

============================================================
Round 1 Summary
============================================================
Train Loss: 1.1578
Test Accuracy (Clean): 10.00%
Attack Success Rate (Single Trigger): 100.00%
Attack Success Rate (Multi-Trigger): 100.00%

Per-Client ASR:
  Client 0: 100.00%
  Client 1: 100.00%

Defense Metrics:
  Recall    (detected/malicious): 100.00%
  Precision (true/flagged):       20.00%
  F1 Score:                       33.33%
  Bypass Rate (evaded/malicious): 100.00%
  *** DEFENSE BYPASSED this round ***
============================================================


============================================================
Round 2/10
============================================================
Selected clients: [0, 1, 2, 3, 4, 5, 6, 7, 8, 9]

Training client 0 (MALICIOUS)...
  [Malicious Client 0] Epoch 3/3, Loss: 1.2350
  [Malicious Client 0] Applied scaling factor: 2.5

Training client 1 (MALICIOUS)...
  [Malicious Client 1] Epoch 3/3, Loss: 1.1291
  [Malicious Client 1] Applied scaling factor: 2.5

Training client 2 (benign)...

Training client 3 (benign)...

Training client 4 (benign)...

Training client 5 (benign)...

Training client 6 (benign)...

Training client 7 (benign)...

Training client 8 (benign)...

Training client 9 (benign)...

[Server] Aggregating client models...

[Defense] Running 'hdbscan' defense...
[Defense] Recall=100.00%  Precision=20.00%  F1=33.33%  Bypass=100.00%
[Defense] Accepting updates from 10/10 clients

[Server] Evaluating global model...

============================================================
Round 2 Summary
============================================================
Train Loss: 1.0362
Test Accuracy (Clean): 28.91%
Attack Success Rate (Single Trigger): 27.60%
Attack Success Rate (Multi-Trigger): 27.64%

Per-Client ASR:
  Client 0: 27.60%
  Client 1: 27.82%

Defense Metrics:
  Recall    (detected/malicious): 100.00%
  Precision (true/flagged):       20.00%
  F1 Score:                       33.33%
  Bypass Rate (evaded/malicious): 100.00%
  *** DEFENSE BYPASSED this round ***
============================================================


============================================================
Round 3/10
============================================================
Selected clients: [0, 1, 2, 3, 4, 5, 6, 7, 8, 9]

Training client 0 (MALICIOUS)...
  [Malicious Client 0] Epoch 3/3, Loss: 1.1520
  [Malicious Client 0] Applied scaling factor: 2.5

Training client 1 (MALICIOUS)...
  [Malicious Client 1] Epoch 3/3, Loss: 1.0477
  [Malicious Client 1] Applied scaling factor: 2.5

Training client 2 (benign)...

Training client 3 (benign)...

Training client 4 (benign)...

Training client 5 (benign)...

Training client 6 (benign)...

Training client 7 (benign)...

Training client 8 (benign)...

Training client 9 (benign)...

[Server] Aggregating client models...

[Defense] Running 'hdbscan' defense...
[Defense] Recall=100.00%  Precision=20.00%  F1=33.33%  Bypass=100.00%
[Defense] Accepting updates from 10/10 clients

[Server] Evaluating global model...

============================================================
Round 3 Summary
============================================================
Train Loss: 0.8776
Test Accuracy (Clean): 46.78%
Attack Success Rate (Single Trigger): 18.54%
Attack Success Rate (Multi-Trigger): 18.46%

Per-Client ASR:
  Client 0: 18.54%
  Client 1: 18.66%

Defense Metrics:
  Recall    (detected/malicious): 100.00%
  Precision (true/flagged):       20.00%
  F1 Score:                       33.33%
  Bypass Rate (evaded/malicious): 100.00%
  *** DEFENSE BYPASSED this round ***
============================================================


============================================================
Round 4/10
============================================================
Selected clients: [0, 1, 2, 3, 4, 5, 6, 7, 8, 9]

Training client 0 (MALICIOUS)...
  [Malicious Client 0] Epoch 3/3, Loss: 1.0832
  [Malicious Client 0] Applied scaling factor: 2.5

Training client 1 (MALICIOUS)...
  [Malicious Client 1] Epoch 3/3, Loss: 1.0114
  [Malicious Client 1] Applied scaling factor: 2.5

Training client 2 (benign)...

Training client 3 (benign)...

Training client 4 (benign)...

Training client 5 (benign)...

Training client 6 (benign)...

Training client 7 (benign)...

Training client 8 (benign)...

Training client 9 (benign)...

[Server] Aggregating client models...

[Defense] Running 'hdbscan' defense...
[Defense] Recall=100.00%  Precision=20.00%  F1=33.33%  Bypass=100.00%
[Defense] Accepting updates from 10/10 clients

[Server] Evaluating global model...

============================================================
Round 4 Summary
============================================================
Train Loss: 0.7669
Test Accuracy (Clean): 56.56%
Attack Success Rate (Single Trigger): 18.27%
Attack Success Rate (Multi-Trigger): 18.38%

Per-Client ASR:
  Client 0: 18.27%
  Client 1: 18.37%

Defense Metrics:
  Recall    (detected/malicious): 100.00%
  Precision (true/flagged):       20.00%
  F1 Score:                       33.33%
  Bypass Rate (evaded/malicious): 100.00%
  *** DEFENSE BYPASSED this round ***
============================================================


============================================================
Round 5/10
============================================================
Selected clients: [0, 1, 2, 3, 4, 5, 6, 7, 8, 9]

Training client 0 (MALICIOUS)...
  [Malicious Client 0] Epoch 3/3, Loss: 1.0393
  [Malicious Client 0] Applied scaling factor: 2.5

Training client 1 (MALICIOUS)...
  [Malicious Client 1] Epoch 3/3, Loss: 0.9611
  [Malicious Client 1] Applied scaling factor: 2.5

Training client 2 (benign)...

Training client 3 (benign)...

Training client 4 (benign)...

Training client 5 (benign)...

Training client 6 (benign)...

Training client 7 (benign)...

Training client 8 (benign)...

Training client 9 (benign)...
[Server] Client weights saved to ./results/weights/client_weights_round_5.pkl

[Server] Aggregating client models...

[Defense] Running 'hdbscan' defense...
[Defense] Recall=100.00%  Precision=20.00%  F1=33.33%  Bypass=100.00%
[Defense] Accepting updates from 10/10 clients

[Server] Evaluating global model...

============================================================
Round 5 Summary
============================================================
Train Loss: 0.6809
Test Accuracy (Clean): 64.45%
Attack Success Rate (Single Trigger): 11.26%
Attack Success Rate (Multi-Trigger): 11.37%

Per-Client ASR:
  Client 0: 11.26%
  Client 1: 11.36%

Defense Metrics:
  Recall    (detected/malicious): 100.00%
  Precision (true/flagged):       20.00%
  F1 Score:                       33.33%
  Bypass Rate (evaded/malicious): 100.00%
  *** DEFENSE BYPASSED this round ***
============================================================


============================================================
Round 6/10
============================================================
Selected clients: [0, 1, 2, 3, 4, 5, 6, 7, 8, 9]

Training client 0 (MALICIOUS)...
  [Malicious Client 0] Epoch 3/3, Loss: 1.0337
  [Malicious Client 0] Applied scaling factor: 2.5

Training client 1 (MALICIOUS)...
  [Malicious Client 1] Epoch 3/3, Loss: 0.9417
  [Malicious Client 1] Applied scaling factor: 2.5

Training client 2 (benign)...

Training client 3 (benign)...

Training client 4 (benign)...

Training client 5 (benign)...

Training client 6 (benign)...

Training client 7 (benign)...

Training client 8 (benign)...

Training client 9 (benign)...

[Server] Aggregating client models...

[Defense] Running 'hdbscan' defense...
[Defense] Recall=100.00%  Precision=20.00%  F1=33.33%  Bypass=100.00%
[Defense] Accepting updates from 10/10 clients

[Server] Evaluating global model...

============================================================
Round 6 Summary
============================================================
Train Loss: 0.6291
Test Accuracy (Clean): 67.20%
Attack Success Rate (Single Trigger): 13.53%
Attack Success Rate (Multi-Trigger): 13.60%

Per-Client ASR:
  Client 0: 13.53%
  Client 1: 13.69%

Defense Metrics:
  Recall    (detected/malicious): 100.00%
  Precision (true/flagged):       20.00%
  F1 Score:                       33.33%
  Bypass Rate (evaded/malicious): 100.00%
  *** DEFENSE BYPASSED this round ***
============================================================


============================================================
Round 7/10
============================================================
Selected clients: [0, 1, 2, 3, 4, 5, 6, 7, 8, 9]

Training client 0 (MALICIOUS)...
  [Malicious Client 0] Epoch 3/3, Loss: 1.0188
  [Malicious Client 0] Applied scaling factor: 2.5

Training client 1 (MALICIOUS)...
  [Malicious Client 1] Epoch 3/3, Loss: 0.9051
  [Malicious Client 1] Applied scaling factor: 2.5

Training client 2 (benign)...

Training client 3 (benign)...

Training client 4 (benign)...

Training client 5 (benign)...

Training client 6 (benign)...

Training client 7 (benign)...

Training client 8 (benign)...

Training client 9 (benign)...

[Server] Aggregating client models...

[Defense] Running 'hdbscan' defense...
[Defense] Recall=100.00%  Precision=20.00%  F1=33.33%  Bypass=100.00%
[Defense] Accepting updates from 10/10 clients

[Server] Evaluating global model...

============================================================
Round 7 Summary
============================================================
Train Loss: 0.5791
Test Accuracy (Clean): 74.76%
Attack Success Rate (Single Trigger): 4.67%
Attack Success Rate (Multi-Trigger): 4.83%

Per-Client ASR:
  Client 0: 4.67%
  Client 1: 4.98%

Defense Metrics:
  Recall    (detected/malicious): 100.00%
  Precision (true/flagged):       20.00%
  F1 Score:                       33.33%
  Bypass Rate (evaded/malicious): 100.00%
  *** DEFENSE BYPASSED this round ***
============================================================


============================================================
Round 8/10
============================================================
Selected clients: [0, 1, 2, 3, 4, 5, 6, 7, 8, 9]

Training client 0 (MALICIOUS)...
  [Malicious Client 0] Epoch 3/3, Loss: 0.9831
  [Malicious Client 0] Applied scaling factor: 2.5

Training client 1 (MALICIOUS)...
  [Malicious Client 1] Epoch 3/3, Loss: 0.9038
  [Malicious Client 1] Applied scaling factor: 2.5

Training client 2 (benign)...

Training client 3 (benign)...

Training client 4 (benign)...

Training client 5 (benign)...

Training client 6 (benign)...

Training client 7 (benign)...

Training client 8 (benign)...

Training client 9 (benign)...

[Server] Aggregating client models...

[Defense] Running 'hdbscan' defense...
[Defense] Recall=100.00%  Precision=20.00%  F1=33.33%  Bypass=100.00%
[Defense] Accepting updates from 10/10 clients

[Server] Evaluating global model...

============================================================
Round 8 Summary
============================================================
Train Loss: 0.5475
Test Accuracy (Clean): 73.25%
Attack Success Rate (Single Trigger): 8.23%
Attack Success Rate (Multi-Trigger): 8.42%

Per-Client ASR:
  Client 0: 8.23%
  Client 1: 8.48%

Defense Metrics:
  Recall    (detected/malicious): 100.00%
  Precision (true/flagged):       20.00%
  F1 Score:                       33.33%
  Bypass Rate (evaded/malicious): 100.00%
  *** DEFENSE BYPASSED this round ***
============================================================


============================================================
Round 9/10
============================================================
Selected clients: [0, 1, 2, 3, 4, 5, 6, 7, 8, 9]

Training client 0 (MALICIOUS)...
  [Malicious Client 0] Epoch 3/3, Loss: 0.9619
  [Malicious Client 0] Applied scaling factor: 2.5

Training client 1 (MALICIOUS)...
  [Malicious Client 1] Epoch 3/3, Loss: 0.8621
  [Malicious Client 1] Applied scaling factor: 2.5

Training client 2 (benign)...

Training client 3 (benign)...

Training client 4 (benign)...

Training client 5 (benign)...

Training client 6 (benign)...

Training client 7 (benign)...

Training client 8 (benign)...

Training client 9 (benign)...

[Server] Aggregating client models...

[Defense] Running 'hdbscan' defense...
[Defense] Recall=100.00%  Precision=20.00%  F1=33.33%  Bypass=100.00%
[Defense] Accepting updates from 10/10 clients

[Server] Evaluating global model...

============================================================
Round 9 Summary
============================================================
Train Loss: 0.5144
Test Accuracy (Clean): 78.49%
Attack Success Rate (Single Trigger): 2.48%
Attack Success Rate (Multi-Trigger): 2.39%

Per-Client ASR:
  Client 0: 2.48%
  Client 1: 2.36%

Defense Metrics:
  Recall    (detected/malicious): 100.00%
  Precision (true/flagged):       20.00%
  F1 Score:                       33.33%
  Bypass Rate (evaded/malicious): 100.00%
  *** DEFENSE BYPASSED this round ***
============================================================


============================================================
Round 10/10
============================================================
Selected clients: [0, 1, 2, 3, 4, 5, 6, 7, 8, 9]

Training client 0 (MALICIOUS)...
  [Malicious Client 0] Epoch 3/3, Loss: 0.9477
  [Malicious Client 0] Applied scaling factor: 2.5

Training client 1 (MALICIOUS)...
  [Malicious Client 1] Epoch 3/3, Loss: 0.8023
  [Malicious Client 1] Applied scaling factor: 2.5

Training client 2 (benign)...

Training client 3 (benign)...

Training client 4 (benign)...

Training client 5 (benign)...

Training client 6 (benign)...

Training client 7 (benign)...

Training client 8 (benign)...

Training client 9 (benign)...
[Server] Client weights saved to ./results/weights/client_weights_round_10.pkl

[Server] Aggregating client models...

[Defense] Running 'hdbscan' defense...
[Defense] Recall=100.00%  Precision=20.00%  F1=33.33%  Bypass=100.00%
[Defense] Accepting updates from 10/10 clients

[Server] Evaluating global model...

============================================================
Round 10 Summary
============================================================
Train Loss: 0.4873
Test Accuracy (Clean): 78.32%
Attack Success Rate (Single Trigger): 4.80%
Attack Success Rate (Multi-Trigger): 4.92%

Per-Client ASR:
  Client 0: 4.80%
  Client 1: 4.91%

Defense Metrics:
  Recall    (detected/malicious): 100.00%
  Precision (true/flagged):       20.00%
  F1 Score:                       33.33%
  Bypass Rate (evaded/malicious): 100.00%
  *** DEFENSE BYPASSED this round ***
============================================================


============================================================
Federated Learning Complete
============================================================
Final Test Accuracy: 78.32%
Final ASR (Single Trigger): 4.80%
Final ASR (Multi-Trigger): 4.92%
============================================================

Model saved to /results/anb_freqfed/model_final.pth

[Modal] ASR=4.80%  ACC=78.32%
Stopping app - local entrypoint completed.
[Modal] Saved → /results/anb_freqfed/history.json
[Modal] Saved → /results/anb_freqfed/model_final.pth

[Modal] === RESULT: ANB + FreqFed ===
  ASR    : 4.80%
  ACC    : 78.32%
  Bypass : 100.00%
Runner terminated.
✓ App completed. View run at 
https://modal.com/apps/zhouyonghao90/main/ap-lR7RDRoAv30RPSp2DMmgRZ
