✓ Initialized. View run at 
https://modal.com/apps/zhouyonghao90/main/ap-D6PcsTOvyMWVHZCGnCtLB5
✓ Created objects.
├── 🔨 Created mount D:\1研\毕业论文\SAFB\modal_train.py
├── 🔨 Created mount D:\1研\毕业论文\SAFB
├── 🔨 Created function train_condition.
├── 🔨 Created function run_sensitivity_sweep.
├── 🔨 Created function run_cifar100.
└── 🔨 Created function generate_summary_table.

[Modal] Smoke test: anb_freqfed, 10 rounds
[Modal] Params: poison_rate=0.5, scaling_factor=3.0, local_epochs=3, lr=0.005

=================================================================
[Modal] Condition : ANB + FreqFed
[Modal] GPU       : Tesla T4
=================================================================


======================================================================
EXPERIMENT CONFIGURATION
======================================================================
Attack Mode: OURS
Frequency Strategy: ANB (Check: ANB enables Spatial Tint)
Defense Enabled: True (hdbscan)
Dataset: CIFAR10, Clients: 10, Poison Ratio: 20%
Target Label: 0, Epsilon: 0.1, Poison Rate: 0.50
Training: 10 Rounds, Local Epochs: 3, LR: 0.005
Attack Scaling Factor: 3.00
======================================================================

Files already downloaded and verified
Files already downloaded and verified
Created 10 clients:
  - Malicious clients: [0, 1]
  - Benign clients: [2, 3, 4, 5, 6, 7, 8, 9]
  - Malicious poison rate: 0.50
  - Malicious scaling factor: 3.00

Starting Federated Learning
  Total clients: 10
  Clients per round: 10
  Total rounds: 10
  Defense enabled: True
  Defense method: hdbscan
  Save weights at rounds: [5, 10]


============================================================
Round 1/10
============================================================
Selected clients: [0, 1, 2, 3, 4, 5, 6, 7, 8, 9]

Training client 0 (MALICIOUS)...
  [Malicious Client 0] Epoch 3/3, Loss: 1.3219
  [Malicious Client 0] Applied scaling factor: 3.0

Training client 1 (MALICIOUS)...
  [Malicious Client 1] Epoch 3/3, Loss: 1.2035
  [Malicious Client 1] Applied scaling factor: 3.0

Training client 2 (benign)...

Training client 3 (benign)...

Training client 4 (benign)...

Training client 5 (benign)...

Training client 6 (benign)...

Training client 7 (benign)...

Training client 8 (benign)...

Training client 9 (benign)...

[Server] Aggregating client models...

[Defense] Running 'hdbscan' defense...
[Defense] Recall=100.00%  Precision=20.00%  F1=33.33%  Bypass=100.00%
[Defense] Accepting updates from 10/10 clients

[Server] Evaluating global model...

============================================================
Round 1 Summary
============================================================
Train Loss: 1.1578
Test Accuracy (Clean): 10.00%
Attack Success Rate (Single Trigger): 100.00%
Attack Success Rate (Multi-Trigger): 100.00%

Per-Client ASR:
  Client 0: 100.00%
  Client 1: 100.00%

Defense Metrics:
  Recall    (detected/malicious): 100.00%
  Precision (true/flagged):       20.00%
  F1 Score:                       33.33%
  Bypass Rate (evaded/malicious): 100.00%
  *** DEFENSE BYPASSED this round ***
============================================================


============================================================
Round 2/10
============================================================
Selected clients: [0, 1, 2, 3, 4, 5, 6, 7, 8, 9]

Training client 0 (MALICIOUS)...
  [Malicious Client 0] Epoch 3/3, Loss: 1.2284
  [Malicious Client 0] Applied scaling factor: 3.0

Training client 1 (MALICIOUS)...
  [Malicious Client 1] Epoch 3/3, Loss: 1.1206
  [Malicious Client 1] Applied scaling factor: 3.0

Training client 2 (benign)...

Training client 3 (benign)...

Training client 4 (benign)...

Training client 5 (benign)...

Training client 6 (benign)...

Training client 7 (benign)...

Training client 8 (benign)...

Training client 9 (benign)...

[Server] Aggregating client models...

[Defense] Running 'hdbscan' defense...
[Defense] Recall=100.00%  Precision=20.00%  F1=33.33%  Bypass=100.00%
[Defense] Accepting updates from 10/10 clients

[Server] Evaluating global model...

============================================================
Round 2 Summary
============================================================
Train Loss: 1.0380
Test Accuracy (Clean): 25.53%
Attack Success Rate (Single Trigger): 30.90%
Attack Success Rate (Multi-Trigger): 30.96%

Per-Client ASR:
  Client 0: 30.90%
  Client 1: 30.98%

Defense Metrics:
  Recall    (detected/malicious): 100.00%
  Precision (true/flagged):       20.00%
  F1 Score:                       33.33%
  Bypass Rate (evaded/malicious): 100.00%
  *** DEFENSE BYPASSED this round ***
============================================================


============================================================
Round 3/10
============================================================
Selected clients: [0, 1, 2, 3, 4, 5, 6, 7, 8, 9]

Training client 0 (MALICIOUS)...
  [Malicious Client 0] Epoch 3/3, Loss: 1.1591
  [Malicious Client 0] Applied scaling factor: 3.0

Training client 1 (MALICIOUS)...
  [Malicious Client 1] Epoch 3/3, Loss: 1.0445
  [Malicious Client 1] Applied scaling factor: 3.0

Training client 2 (benign)...

Training client 3 (benign)...

Training client 4 (benign)...

Training client 5 (benign)...

Training client 6 (benign)...

Training client 7 (benign)...

Training client 8 (benign)...

Training client 9 (benign)...

[Server] Aggregating client models...

[Defense] Running 'hdbscan' defense...
[Defense] Recall=100.00%  Precision=20.00%  F1=33.33%  Bypass=100.00%
[Defense] Accepting updates from 10/10 clients

[Server] Evaluating global model...

============================================================
Round 3 Summary
============================================================
Train Loss: 0.8758
Test Accuracy (Clean): 46.75%
Attack Success Rate (Single Trigger): 25.26%
Attack Success Rate (Multi-Trigger): 25.26%

Per-Client ASR:
  Client 0: 25.26%
  Client 1: 25.19%

Defense Metrics:
  Recall    (detected/malicious): 100.00%
  Precision (true/flagged):       20.00%
  F1 Score:                       33.33%
  Bypass Rate (evaded/malicious): 100.00%
  *** DEFENSE BYPASSED this round ***
============================================================


============================================================
Round 4/10
============================================================
Selected clients: [0, 1, 2, 3, 4, 5, 6, 7, 8, 9]

Training client 0 (MALICIOUS)...
  [Malicious Client 0] Epoch 3/3, Loss: 1.0791
  [Malicious Client 0] Applied scaling factor: 3.0

Training client 1 (MALICIOUS)...
  [Malicious Client 1] Epoch 3/3, Loss: 1.0093
  [Malicious Client 1] Applied scaling factor: 3.0

Training client 2 (benign)...

Training client 3 (benign)...

Training client 4 (benign)...

Training client 5 (benign)...

Training client 6 (benign)...

Training client 7 (benign)...

Training client 8 (benign)...

Training client 9 (benign)...

[Server] Aggregating client models...

[Defense] Running 'hdbscan' defense...
[Defense] Recall=100.00%  Precision=20.00%  F1=33.33%  Bypass=100.00%
[Defense] Accepting updates from 10/10 clients

[Server] Evaluating global model...

============================================================
Round 4 Summary
============================================================
Train Loss: 0.7637
Test Accuracy (Clean): 53.57%
Attack Success Rate (Single Trigger): 21.13%
Attack Success Rate (Multi-Trigger): 21.18%

Per-Client ASR:
  Client 0: 21.13%
  Client 1: 21.28%

Defense Metrics:
  Recall    (detected/malicious): 100.00%
  Precision (true/flagged):       20.00%
  F1 Score:                       33.33%
  Bypass Rate (evaded/malicious): 100.00%
  *** DEFENSE BYPASSED this round ***
============================================================


============================================================
Round 5/10
============================================================
Selected clients: [0, 1, 2, 3, 4, 5, 6, 7, 8, 9]

Training client 0 (MALICIOUS)...
  [Malicious Client 0] Epoch 3/3, Loss: 1.0340
  [Malicious Client 0] Applied scaling factor: 3.0

Training client 1 (MALICIOUS)...
  [Malicious Client 1] Epoch 3/3, Loss: 0.9587
  [Malicious Client 1] Applied scaling factor: 3.0

Training client 2 (benign)...

Training client 3 (benign)...

Training client 4 (benign)...

Training client 5 (benign)...

Training client 6 (benign)...

Training client 7 (benign)...

Training client 8 (benign)...

Training client 9 (benign)...
[Server] Client weights saved to ./results/weights/client_weights_round_5.pkl

[Server] Aggregating client models...

[Defense] Running 'hdbscan' defense...
[Defense] Recall=100.00%  Precision=20.00%  F1=33.33%  Bypass=100.00%
[Defense] Accepting updates from 10/10 clients

[Server] Evaluating global model...

============================================================
Round 5 Summary
============================================================
Train Loss: 0.6771
Test Accuracy (Clean): 64.20%
Attack Success Rate (Single Trigger): 13.21%
Attack Success Rate (Multi-Trigger): 13.10%

Per-Client ASR:
  Client 0: 13.21%
  Client 1: 13.23%

Defense Metrics:
  Recall    (detected/malicious): 100.00%
  Precision (true/flagged):       20.00%
  F1 Score:                       33.33%
  Bypass Rate (evaded/malicious): 100.00%
  *** DEFENSE BYPASSED this round ***
============================================================


============================================================
Round 6/10
============================================================
Selected clients: [0, 1, 2, 3, 4, 5, 6, 7, 8, 9]

Training client 0 (MALICIOUS)...
  [Malicious Client 0] Epoch 3/3, Loss: 1.0226
  [Malicious Client 0] Applied scaling factor: 3.0

Training client 1 (MALICIOUS)...
  [Malicious Client 1] Epoch 3/3, Loss: 0.9408
  [Malicious Client 1] Applied scaling factor: 3.0

Training client 2 (benign)...

Training client 3 (benign)...

Training client 4 (benign)...

Training client 5 (benign)...

Training client 6 (benign)...

Training client 7 (benign)...

Training client 8 (benign)...

Training client 9 (benign)...

[Server] Aggregating client models...

[Defense] Running 'hdbscan' defense...
[Defense] Recall=100.00%  Precision=20.00%  F1=33.33%  Bypass=100.00%
[Defense] Accepting updates from 10/10 clients

[Server] Evaluating global model...

============================================================
Round 6 Summary
============================================================
Train Loss: 0.6254
Test Accuracy (Clean): 65.93%
Attack Success Rate (Single Trigger): 14.07%
Attack Success Rate (Multi-Trigger): 14.03%

Per-Client ASR:
  Client 0: 14.07%
  Client 1: 14.08%

Defense Metrics:
  Recall    (detected/malicious): 100.00%
  Precision (true/flagged):       20.00%
  F1 Score:                       33.33%
  Bypass Rate (evaded/malicious): 100.00%
  *** DEFENSE BYPASSED this round ***
============================================================


============================================================
Round 7/10
============================================================
Selected clients: [0, 1, 2, 3, 4, 5, 6, 7, 8, 9]

Training client 0 (MALICIOUS)...
  [Malicious Client 0] Epoch 3/3, Loss: 1.0159
  [Malicious Client 0] Applied scaling factor: 3.0

Training client 1 (MALICIOUS)...
  [Malicious Client 1] Epoch 3/3, Loss: 0.9048
  [Malicious Client 1] Applied scaling factor: 3.0

Training client 2 (benign)...

Training client 3 (benign)...

Training client 4 (benign)...

Training client 5 (benign)...

Training client 6 (benign)...

Training client 7 (benign)...

Training client 8 (benign)...

Training client 9 (benign)...

[Server] Aggregating client models...

[Defense] Running 'hdbscan' defense...
[Defense] Recall=100.00%  Precision=20.00%  F1=33.33%  Bypass=100.00%
[Defense] Accepting updates from 10/10 clients

[Server] Evaluating global model...

============================================================
Round 7 Summary
============================================================
Train Loss: 0.5777
Test Accuracy (Clean): 74.31%
Attack Success Rate (Single Trigger): 5.24%
Attack Success Rate (Multi-Trigger): 5.27%

Per-Client ASR:
  Client 0: 5.24%
  Client 1: 5.24%

Defense Metrics:
  Recall    (detected/malicious): 100.00%
  Precision (true/flagged):       20.00%
  F1 Score:                       33.33%
  Bypass Rate (evaded/malicious): 100.00%
  *** DEFENSE BYPASSED this round ***
============================================================


============================================================
Round 8/10
============================================================
Selected clients: [0, 1, 2, 3, 4, 5, 6, 7, 8, 9]

Training client 0 (MALICIOUS)...
  [Malicious Client 0] Epoch 3/3, Loss: 0.9745
  [Malicious Client 0] Applied scaling factor: 3.0

Training client 1 (MALICIOUS)...
  [Malicious Client 1] Epoch 3/3, Loss: 0.8942
  [Malicious Client 1] Applied scaling factor: 3.0

Training client 2 (benign)...

Training client 3 (benign)...

Training client 4 (benign)...

Training client 5 (benign)...

Training client 6 (benign)...

Training client 7 (benign)...

Training client 8 (benign)...

Training client 9 (benign)...

[Server] Aggregating client models...

[Defense] Running 'hdbscan' defense...
[Defense] Recall=100.00%  Precision=20.00%  F1=33.33%  Bypass=100.00%
[Defense] Accepting updates from 10/10 clients

[Server] Evaluating global model...

============================================================
Round 8 Summary
============================================================
Train Loss: 0.5452
Test Accuracy (Clean): 72.09%
Attack Success Rate (Single Trigger): 8.30%
Attack Success Rate (Multi-Trigger): 8.22%

Per-Client ASR:
  Client 0: 8.30%
  Client 1: 8.23%

Defense Metrics:
  Recall    (detected/malicious): 100.00%
  Precision (true/flagged):       20.00%
  F1 Score:                       33.33%
  Bypass Rate (evaded/malicious): 100.00%
  *** DEFENSE BYPASSED this round ***
============================================================


============================================================
Round 9/10
============================================================
Selected clients: [0, 1, 2, 3, 4, 5, 6, 7, 8, 9]

Training client 0 (MALICIOUS)...
  [Malicious Client 0] Epoch 3/3, Loss: 0.9586
  [Malicious Client 0] Applied scaling factor: 3.0

Training client 1 (MALICIOUS)...
  [Malicious Client 1] Epoch 3/3, Loss: 0.8480
  [Malicious Client 1] Applied scaling factor: 3.0

Training client 2 (benign)...

Training client 3 (benign)...

Training client 4 (benign)...

Training client 5 (benign)...

Training client 6 (benign)...

Training client 7 (benign)...

Training client 8 (benign)...

Training client 9 (benign)...

[Server] Aggregating client models...

[Defense] Running 'hdbscan' defense...
[Defense] Recall=100.00%  Precision=20.00%  F1=33.33%  Bypass=100.00%
[Defense] Accepting updates from 10/10 clients

[Server] Evaluating global model...

============================================================
Round 9 Summary
============================================================
Train Loss: 0.5131
Test Accuracy (Clean): 78.22%
Attack Success Rate (Single Trigger): 3.32%
Attack Success Rate (Multi-Trigger): 3.33%

Per-Client ASR:
  Client 0: 3.32%
  Client 1: 3.24%

Defense Metrics:
  Recall    (detected/malicious): 100.00%
  Precision (true/flagged):       20.00%
  F1 Score:                       33.33%
  Bypass Rate (evaded/malicious): 100.00%
  *** DEFENSE BYPASSED this round ***
============================================================


============================================================
Round 10/10
============================================================
Selected clients: [0, 1, 2, 3, 4, 5, 6, 7, 8, 9]

Training client 0 (MALICIOUS)...
  [Malicious Client 0] Epoch 3/3, Loss: 0.9366
  [Malicious Client 0] Applied scaling factor: 3.0

Training client 1 (MALICIOUS)...
  [Malicious Client 1] Epoch 3/3, Loss: 0.7502
  [Malicious Client 1] Applied scaling factor: 3.0

Training client 2 (benign)...

Training client 3 (benign)...

Training client 4 (benign)...

Training client 5 (benign)...

Training client 6 (benign)...

Training client 7 (benign)...

Training client 8 (benign)...

Training client 9 (benign)...
[Server] Client weights saved to ./results/weights/client_weights_round_10.pkl

[Server] Aggregating client models...

[Defense] Running 'hdbscan' defense...
[Defense] Recall=100.00%  Precision=20.00%  F1=33.33%  Bypass=100.00%
[Defense] Accepting updates from 10/10 clients

[Server] Evaluating global model...

============================================================
Round 10 Summary
============================================================
Train Loss: 0.4831
Test Accuracy (Clean): 79.52%
Attack Success Rate (Single Trigger): 3.63%
Attack Success Rate (Multi-Trigger): 3.71%

Per-Client ASR:
  Client 0: 3.63%
  Client 1: 3.73%

Defense Metrics:
  Recall    (detected/malicious): 100.00%
  Precision (true/flagged):       20.00%
  F1 Score:                       33.33%
  Bypass Rate (evaded/malicious): 100.00%
  *** DEFENSE BYPASSED this round ***
============================================================


============================================================
Federated Learning Complete
============================================================
Final Test Accuracy: 79.52%
Final ASR (Single Trigger): 3.63%
Final ASR (Multi-Trigger): 3.71%
============================================================


[Modal] ASR=3.63%  ACC=79.52%
Model saved to /results/anb_freqfed/model_final.pth
[Modal] Saved → /results/anb_freqfed/history.json
[Modal] Saved → /results/anb_freqfed/model_final.pth

[Modal] === RESULT: ANB + FreqFed ===
  ASR    : 3.63%
  ACC    : 79.52%
  Bypass : 100.00%
Stopping app - local entrypoint completed.
Runner terminated.
✓ App completed. View run at 
https://modal.com/apps/zhouyonghao90/main/ap-D6PcsTOvyMWVHZCGnCtLB5
