✓ Initialized. View run at 
https://modal.com/apps/zhouyonghao90/main/ap-C9Bsq8rGZCqgp939h5cKh8
✓ Created objects.
├── 🔨 Created mount D:\1研\毕业论文\SAFB\modal_train.py
├── 🔨 Created mount D:\1研\毕业论文\SAFB
├── 🔨 Created function train_condition.
├── 🔨 Created function run_sensitivity_sweep.
├── 🔨 Created function run_cifar100.
└── 🔨 Created function generate_summary_table.

[Modal] Smoke test: anb_freqfed, 10 rounds
[Modal] Params: poison_rate=0.7, scaling_factor=4.0, local_epochs=4, lr=0.01, seed=42

=================================================================
[Modal] Condition : ANB + FreqFed
[Modal] GPU       : Tesla T4
=================================================================


======================================================================
EXPERIMENT CONFIGURATION
======================================================================
Attack Mode: OURS
Frequency Strategy: ANB (Check: ANB enables Spatial Tint)
Defense Enabled: True (hdbscan)
Dataset: CIFAR10, Clients: 10, Poison Ratio: 20%
Target Label: 0, Epsilon: 0.1, Poison Rate: 0.70
Training: 10 Rounds, Local Epochs: 4, LR: 0.01
Attack Scaling Factor: 4.00
======================================================================

Files already downloaded and verified
Files already downloaded and verified
Created 10 clients:
  - Malicious clients: [0, 1]
  - Benign clients: [2, 3, 4, 5, 6, 7, 8, 9]
  - Malicious poison rate: 0.70
  - Malicious scaling factor: 4.00

Starting Federated Learning
  Total clients: 10
  Clients per round: 10
  Total rounds: 10
  Defense enabled: True
  Defense method: hdbscan
  Save weights at rounds: [5, 10]


============================================================
Round 1/10
============================================================
Selected clients: [0, 1, 2, 3, 4, 5, 6, 7, 8, 9]

Training client 0 (MALICIOUS)...
  [Malicious Client 0] Epoch 4/4, Loss: 1.0123
  [Malicious Client 0] Applied scaling factor: 4.0

Training client 1 (MALICIOUS)...
  [Malicious Client 1] Epoch 4/4, Loss: 0.9204
  [Malicious Client 1] Applied scaling factor: 4.0

Training client 2 (benign)...

Training client 3 (benign)...

Training client 4 (benign)...

Training client 5 (benign)...

Training client 6 (benign)...

Training client 7 (benign)...

Training client 8 (benign)...

Training client 9 (benign)...

[Server] Aggregating client models...

[Defense] Running 'hdbscan' defense...
[Defense] Recall=0.00%  Precision=0.00%  F1=0.00%  Bypass=100.00%
[Defense] Accepting updates from 10/10 clients

[Server] Evaluating global model...

============================================================
Round 1 Summary
============================================================
Train Loss: 1.1175
Test Accuracy (Clean): 10.00%
Attack Success Rate (Single Trigger): 100.00%
Attack Success Rate (Multi-Trigger): 100.00%

Per-Client ASR:
  Client 0: 100.00%
  Client 1: 100.00%

Defense Metrics:
  Recall    (detected/malicious): 0.00%
  Precision (true/flagged):       0.00%
  F1 Score:                       0.00%
  Bypass Rate (evaded/malicious): 100.00%
  *** DEFENSE BYPASSED this round ***
============================================================


============================================================
Round 2/10
============================================================
Selected clients: [0, 1, 2, 3, 4, 5, 6, 7, 8, 9]

Training client 0 (MALICIOUS)...
  [Malicious Client 0] Epoch 4/4, Loss: 0.9576
  [Malicious Client 0] Applied scaling factor: 4.0

Training client 1 (MALICIOUS)...
  [Malicious Client 1] Epoch 4/4, Loss: 0.8627
  [Malicious Client 1] Applied scaling factor: 4.0

Training client 2 (benign)...

Training client 3 (benign)...

Training client 4 (benign)...

Training client 5 (benign)...

Training client 6 (benign)...

Training client 7 (benign)...

Training client 8 (benign)...

Training client 9 (benign)...

[Server] Aggregating client models...

[Defense] Running 'hdbscan' defense...
[Defense] Recall=0.00%  Precision=0.00%  F1=0.00%  Bypass=100.00%
[Defense] Accepting updates from 10/10 clients

[Server] Evaluating global model...

============================================================
Round 2 Summary
============================================================
Train Loss: 1.0217
Test Accuracy (Clean): 10.00%
Attack Success Rate (Single Trigger): 100.00%
Attack Success Rate (Multi-Trigger): 100.00%

Per-Client ASR:
  Client 0: 100.00%
  Client 1: 100.00%

Defense Metrics:
  Recall    (detected/malicious): 0.00%
  Precision (true/flagged):       0.00%
  F1 Score:                       0.00%
  Bypass Rate (evaded/malicious): 100.00%
  *** DEFENSE BYPASSED this round ***
============================================================


============================================================
Round 3/10
============================================================
Selected clients: [0, 1, 2, 3, 4, 5, 6, 7, 8, 9]

Training client 0 (MALICIOUS)...
  [Malicious Client 0] Epoch 4/4, Loss: 0.9326
  [Malicious Client 0] Applied scaling factor: 4.0

Training client 1 (MALICIOUS)...
  [Malicious Client 1] Epoch 4/4, Loss: 0.8307
  [Malicious Client 1] Applied scaling factor: 4.0

Training client 2 (benign)...

Training client 3 (benign)...

Training client 4 (benign)...

Training client 5 (benign)...

Training client 6 (benign)...

Training client 7 (benign)...

Training client 8 (benign)...

Training client 9 (benign)...

[Server] Aggregating client models...

[Defense] Running 'hdbscan' defense...
[Defense] Recall=0.00%  Precision=0.00%  F1=0.00%  Bypass=100.00%
[Defense] Accepting updates from 10/10 clients

[Server] Evaluating global model...

============================================================
Round 3 Summary
============================================================
Train Loss: 0.8568
Test Accuracy (Clean): 10.00%
Attack Success Rate (Single Trigger): 100.00%
Attack Success Rate (Multi-Trigger): 100.00%

Per-Client ASR:
  Client 0: 100.00%
  Client 1: 100.00%

Defense Metrics:
  Recall    (detected/malicious): 0.00%
  Precision (true/flagged):       0.00%
  F1 Score:                       0.00%
  Bypass Rate (evaded/malicious): 100.00%
  *** DEFENSE BYPASSED this round ***
============================================================


============================================================
Round 4/10
============================================================
Selected clients: [0, 1, 2, 3, 4, 5, 6, 7, 8, 9]

Training client 0 (MALICIOUS)...
  [Malicious Client 0] Epoch 4/4, Loss: 0.8399
  [Malicious Client 0] Applied scaling factor: 4.0

Training client 1 (MALICIOUS)...
  [Malicious Client 1] Epoch 4/4, Loss: 0.8210
  [Malicious Client 1] Applied scaling factor: 4.0

Training client 2 (benign)...

Training client 3 (benign)...

Training client 4 (benign)...

Training client 5 (benign)...

Training client 6 (benign)...

Training client 7 (benign)...

Training client 8 (benign)...

Training client 9 (benign)...

[Server] Aggregating client models...

[Defense] Running 'hdbscan' defense...
[Defense] Recall=0.00%  Precision=0.00%  F1=0.00%  Bypass=100.00%
[Defense] Accepting updates from 10/10 clients

[Server] Evaluating global model...

============================================================
Round 4 Summary
============================================================
Train Loss: 0.7310
Test Accuracy (Clean): 10.00%
Attack Success Rate (Single Trigger): 100.00%
Attack Success Rate (Multi-Trigger): 100.00%

Per-Client ASR:
  Client 0: 100.00%
  Client 1: 100.00%

Defense Metrics:
  Recall    (detected/malicious): 0.00%
  Precision (true/flagged):       0.00%
  F1 Score:                       0.00%
  Bypass Rate (evaded/malicious): 100.00%
  *** DEFENSE BYPASSED this round ***
============================================================


============================================================
Round 5/10
============================================================
Selected clients: [0, 1, 2, 3, 4, 5, 6, 7, 8, 9]

Training client 0 (MALICIOUS)...
  [Malicious Client 0] Epoch 4/4, Loss: 0.8326
  [Malicious Client 0] Applied scaling factor: 4.0

Training client 1 (MALICIOUS)...
  [Malicious Client 1] Epoch 4/4, Loss: 0.7854
  [Malicious Client 1] Applied scaling factor: 4.0

Training client 2 (benign)...

Training client 3 (benign)...

Training client 4 (benign)...

Training client 5 (benign)...

Training client 6 (benign)...

Training client 7 (benign)...

Training client 8 (benign)...

Training client 9 (benign)...
[Server] Client weights saved to ./results/weights/client_weights_round_5.pkl

[Server] Aggregating client models...

[Defense] Running 'hdbscan' defense...
[Defense] Recall=0.00%  Precision=0.00%  F1=0.00%  Bypass=100.00%
[Defense] Accepting updates from 10/10 clients

[Server] Evaluating global model...

============================================================
Round 5 Summary
============================================================
Train Loss: 0.6514
Test Accuracy (Clean): 58.28%
Attack Success Rate (Single Trigger): 27.84%
Attack Success Rate (Multi-Trigger): 27.93%

Per-Client ASR:
  Client 0: 27.84%
  Client 1: 27.92%

Defense Metrics:
  Recall    (detected/malicious): 0.00%
  Precision (true/flagged):       0.00%
  F1 Score:                       0.00%
  Bypass Rate (evaded/malicious): 100.00%
  *** DEFENSE BYPASSED this round ***
============================================================


============================================================
Round 6/10
============================================================
Selected clients: [0, 1, 2, 3, 4, 5, 6, 7, 8, 9]

Training client 0 (MALICIOUS)...
  [Malicious Client 0] Epoch 4/4, Loss: 0.7970
  [Malicious Client 0] Applied scaling factor: 4.0

Training client 1 (MALICIOUS)...
  [Malicious Client 1] Epoch 4/4, Loss: 0.7427
  [Malicious Client 1] Applied scaling factor: 4.0

Training client 2 (benign)...

Training client 3 (benign)...

Training client 4 (benign)...

Training client 5 (benign)...

Training client 6 (benign)...

Training client 7 (benign)...

Training client 8 (benign)...

Training client 9 (benign)...

[Server] Aggregating client models...

[Defense] Running 'hdbscan' defense...
[Defense] Recall=0.00%  Precision=0.00%  F1=0.00%  Bypass=100.00%
[Defense] Accepting updates from 10/10 clients

[Server] Evaluating global model...

============================================================
Round 6 Summary
============================================================
Train Loss: 0.5897
Test Accuracy (Clean): 57.45%
Attack Success Rate (Single Trigger): 30.62%
Attack Success Rate (Multi-Trigger): 30.74%

Per-Client ASR:
  Client 0: 30.62%
  Client 1: 30.98%

Defense Metrics:
  Recall    (detected/malicious): 0.00%
  Precision (true/flagged):       0.00%
  F1 Score:                       0.00%
  Bypass Rate (evaded/malicious): 100.00%
  *** DEFENSE BYPASSED this round ***
============================================================


============================================================
Round 7/10
============================================================
Selected clients: [0, 1, 2, 3, 4, 5, 6, 7, 8, 9]

Training client 0 (MALICIOUS)...
  [Malicious Client 0] Epoch 4/4, Loss: 0.7777
  [Malicious Client 0] Applied scaling factor: 4.0

Training client 1 (MALICIOUS)...
  [Malicious Client 1] Epoch 4/4, Loss: 0.7063
  [Malicious Client 1] Applied scaling factor: 4.0

Training client 2 (benign)...

Training client 3 (benign)...

Training client 4 (benign)...

Training client 5 (benign)...

Training client 6 (benign)...

Training client 7 (benign)...

Training client 8 (benign)...

Training client 9 (benign)...

[Server] Aggregating client models...

[Defense] Running 'hdbscan' defense...
[Defense] Recall=0.00%  Precision=0.00%  F1=0.00%  Bypass=100.00%
[Defense] Accepting updates from 10/10 clients

[Server] Evaluating global model...

============================================================
Round 7 Summary
============================================================
Train Loss: 0.5413
Test Accuracy (Clean): 65.28%
Attack Success Rate (Single Trigger): 17.58%
Attack Success Rate (Multi-Trigger): 17.41%

Per-Client ASR:
  Client 0: 17.58%
  Client 1: 17.58%

Defense Metrics:
  Recall    (detected/malicious): 0.00%
  Precision (true/flagged):       0.00%
  F1 Score:                       0.00%
  Bypass Rate (evaded/malicious): 100.00%
  *** DEFENSE BYPASSED this round ***
============================================================


============================================================
Round 8/10
============================================================
Selected clients: [0, 1, 2, 3, 4, 5, 6, 7, 8, 9]

Training client 0 (MALICIOUS)...
  [Malicious Client 0] Epoch 4/4, Loss: 0.7542
  [Malicious Client 0] Applied scaling factor: 4.0

Training client 1 (MALICIOUS)...
  [Malicious Client 1] Epoch 4/4, Loss: 0.5860
  [Malicious Client 1] Applied scaling factor: 4.0

Training client 2 (benign)...

Training client 3 (benign)...

Training client 4 (benign)...

Training client 5 (benign)...

Training client 6 (benign)...

Training client 7 (benign)...

Training client 8 (benign)...

Training client 9 (benign)...

[Server] Aggregating client models...

[Defense] Running 'hdbscan' defense...
[Defense] Recall=0.00%  Precision=0.00%  F1=0.00%  Bypass=100.00%
[Defense] Accepting updates from 10/10 clients

[Server] Evaluating global model...

============================================================
Round 8 Summary
============================================================
Train Loss: 0.4983
Test Accuracy (Clean): 67.14%
Attack Success Rate (Single Trigger): 16.51%
Attack Success Rate (Multi-Trigger): 16.63%

Per-Client ASR:
  Client 0: 16.51%
  Client 1: 17.00%

Defense Metrics:
  Recall    (detected/malicious): 0.00%
  Precision (true/flagged):       0.00%
  F1 Score:                       0.00%
  Bypass Rate (evaded/malicious): 100.00%
  *** DEFENSE BYPASSED this round ***
============================================================


============================================================
Round 9/10
============================================================
Selected clients: [0, 1, 2, 3, 4, 5, 6, 7, 8, 9]

Training client 0 (MALICIOUS)...
  [Malicious Client 0] Epoch 4/4, Loss: 0.7690
  [Malicious Client 0] Applied scaling factor: 4.0

Training client 1 (MALICIOUS)...
  [Malicious Client 1] Epoch 4/4, Loss: 0.5185
  [Malicious Client 1] Applied scaling factor: 4.0

Training client 2 (benign)...

Training client 3 (benign)...

Training client 4 (benign)...

Training client 5 (benign)...

Training client 6 (benign)...

Training client 7 (benign)...

Training client 8 (benign)...

Training client 9 (benign)...

[Server] Aggregating client models...

[Defense] Running 'hdbscan' defense...
[Defense] Recall=0.00%  Precision=0.00%  F1=0.00%  Bypass=100.00%
[Defense] Accepting updates from 10/10 clients

[Server] Evaluating global model...

============================================================
Round 9 Summary
============================================================
Train Loss: 0.4611
Test Accuracy (Clean): 72.23%
Attack Success Rate (Single Trigger): 7.63%
Attack Success Rate (Multi-Trigger): 8.12%

Per-Client ASR:
  Client 0: 7.63%
  Client 1: 8.57%

Defense Metrics:
  Recall    (detected/malicious): 0.00%
  Precision (true/flagged):       0.00%
  F1 Score:                       0.00%
  Bypass Rate (evaded/malicious): 100.00%
  *** DEFENSE BYPASSED this round ***
============================================================


============================================================
Round 10/10
============================================================
Selected clients: [0, 1, 2, 3, 4, 5, 6, 7, 8, 9]

Training client 0 (MALICIOUS)...
  [Malicious Client 0] Epoch 4/4, Loss: 0.7003
  [Malicious Client 0] Applied scaling factor: 4.0

Training client 1 (MALICIOUS)...
  [Malicious Client 1] Epoch 4/4, Loss: 0.4875
  [Malicious Client 1] Applied scaling factor: 4.0

Training client 2 (benign)...

Training client 3 (benign)...

Training client 4 (benign)...

Training client 5 (benign)...

Training client 6 (benign)...

Training client 7 (benign)...

Training client 8 (benign)...

Training client 9 (benign)...
[Server] Client weights saved to ./results/weights/client_weights_round_10.pkl

[Server] Aggregating client models...

[Defense] Running 'hdbscan' defense...
[Defense] Recall=0.00%  Precision=0.00%  F1=0.00%  Bypass=100.00%
[Defense] Accepting updates from 10/10 clients

[Server] Evaluating global model...

============================================================
Round 10 Summary
============================================================
Train Loss: 0.4315
Test Accuracy (Clean): 73.76%
Attack Success Rate (Single Trigger): 4.69%
Attack Success Rate (Multi-Trigger): 5.03%

Per-Client ASR:
  Client 0: 4.69%
  Client 1: 5.46%

Defense Metrics:
  Recall    (detected/malicious): 0.00%
  Precision (true/flagged):       0.00%
  F1 Score:                       0.00%
  Bypass Rate (evaded/malicious): 100.00%
  *** DEFENSE BYPASSED this round ***
============================================================


============================================================
Federated Learning Complete
============================================================
Final Test Accuracy: 73.76%
Final ASR (Single Trigger): 4.69%
Final ASR (Multi-Trigger): 5.03%
============================================================


[Modal] ASR=4.69%  ACC=73.76%
Model saved to /results/anb_freqfed/model_final.pth
[Modal] Saved → /results/anb_freqfed/history.json
[Modal] Saved → /results/anb_freqfed/model_final.pth

[Modal] === RESULT: ANB + FreqFed ===
  ASR    : 4.69%
  ACC    : 73.76%
  Bypass : 100.00%
Stopping app - local entrypoint completed.
✓ App completed. View run at 
https://modal.com/apps/zhouyonghao90/main/ap-C9Bsq8rGZCqgp939h5cKh8
